<?xml version="1.0" encoding="UTF-8"?>
<!-- Generated by org.testng.reporters.JUnitXMLReporter -->
<testsuite ignored="0" hostname="ROG" failures="1" tests="11" name="Test" time="0.061" errors="0" timestamp="23 Aug 2020 16:13:19 GMT">
  <testcase classname="tests.Testing1" name="test1" time="0.004"/>
  <testcase classname="tests.Testing1" name="test1" time="0.001"/>
  <testcase classname="tests.Testing1" name="test2" time="0.001"/>
  <testcase classname="tests.Testing1" name="test3" time="0.002"/>
  <testcase classname="tests.Testing1" name="xyz" time="0.001"/>
  <testcase classname="tests.Testing1" name="xyz" time="0.001"/>
  <testcase classname="tests.Testing2" name="test4" time="0.001"/>
  <testcase classname="tests.Testing2" name="test5" time="0.001"/>
  <testcase classname="tests.Testing3" name="homeTest" time="0.004">
    <failure type="java.lang.AssertionError" message="Verifying Element expected [true] but found [false]">
      <![CDATA[java.lang.AssertionError: Verifying Element expected [true] but found [false]
at tests.Testing3.homeTest(Testing3.java:15)
... Removed 28 stack frames]]>
    </failure>
  </testcase> <!-- homeTest -->
  <testcase classname="tests.Testing3" name="mainTest" time="0.0">
    <skipped/>
  </testcase> <!-- mainTest -->
  <testcase classname="tests.Testing3" name="endTest" time="0.0">
    <skipped/>
  </testcase> <!-- endTest -->
</testsuite> <!-- Test -->
